<?xml version="1.0" encoding="utf-8"?><testsuites name="pytest tests"><testsuite name="pytest" errors="0" failures="0" skipped="0" tests="20" time="4.070" timestamp="2026-02-26T15:49:14.133596+00:00" hostname="agent-env-98ff378a-16e9-4912-b0f2-67b236eeb43c"><testcase classname="tests.test_mylokal_api.TestHealthAndRoot" name="test_api_root" time="0.354" /><testcase classname="tests.test_mylokal_api.TestCategories" name="test_get_all_categories" time="0.408" /><testcase classname="tests.test_mylokal_api.TestCategories" name="test_categories_correct_names" time="0.200" /><testcase classname="tests.test_mylokal_api.TestCategories" name="test_get_single_category" time="0.195" /><testcase classname="tests.test_mylokal_api.TestCategories" name="test_get_invalid_category" time="0.128" /><testcase classname="tests.test_mylokal_api.TestBanners" name="test_get_all_banners" time="0.217" /><testcase classname="tests.test_mylokal_api.TestBanners" name="test_banners_contain_required_types" time="0.126" /><testcase classname="tests.test_mylokal_api.TestListings" name="test_get_all_listings" time="0.134" /><testcase classname="tests.test_mylokal_api.TestListings" name="test_get_featured_listings" time="0.141" /><testcase classname="tests.test_mylokal_api.TestListings" name="test_get_listings_by_category" time="0.195" /><testcase classname="tests.test_mylokal_api.TestListings" name="test_get_single_listing" time="0.114" /><testcase classname="tests.test_mylokal_api.TestListings" name="test_listing_has_hotel" time="0.175" /><testcase classname="tests.test_mylokal_api.TestNews" name="test_get_all_news" time="0.333" /><testcase classname="tests.test_mylokal_api.TestNotifications" name="test_get_all_notifications" time="0.142" /><testcase classname="tests.test_mylokal_api.TestNotifications" name="test_mark_notification_read" time="0.277" /><testcase classname="tests.test_mylokal_api.TestSearch" name="test_search_hotel" time="0.204" /><testcase classname="tests.test_mylokal_api.TestSearch" name="test_search_empty_query" time="0.136" /><testcase classname="tests.test_mylokal_api.TestSearch" name="test_search_case_insensitive" time="0.154" /><testcase classname="tests.test_mylokal_api.TestCart" name="test_get_cart_count" time="0.174" /><testcase classname="tests.test_mylokal_api.TestCart" name="test_get_cart" time="0.181" /></testsuite></testsuites>